2023-06-22 07:06:37.942 [DEBUG] :: 'timeline'
2023-06-22 07:06:37.942 [DEBUG] :: No data for: [1mVK[0m, retrying in 1.06 seconds		
2023-06-22 07:06:39.226 [DEBUG] :: 'timeline'
2023-06-22 07:06:39.226 [DEBUG] :: No data for: [1mVK[0m, retrying in 2.30 seconds		
2023-06-22 07:06:41.748 [DEBUG] :: 'timeline'
2023-06-22 07:06:41.749 [DEBUG] :: No data for: [1mVK[0m, retrying in 4.29 seconds		
2023-06-22 07:06:46.755 [DEBUG] :: 'timeline'
2023-06-22 07:06:46.755 [DEBUG] :: Max retries exceeded

2023-06-22 07:10:12.311 [DEBUG] :: 'timeline'
2023-06-22 07:10:12.312 [DEBUG] :: No data for: [1mVK[0m, retrying in 1.44 seconds		
2023-06-22 07:10:13.983 [DEBUG] :: 'timeline'
2023-06-22 07:10:13.983 [DEBUG] :: No data for: [1mVK[0m, retrying in 2.04 seconds		
2023-06-22 07:10:16.257 [DEBUG] :: 'timeline'
2023-06-22 07:10:16.258 [DEBUG] :: No data for: [1mVK[0m, retrying in 4.15 seconds		
2023-06-22 07:10:20.612 [DEBUG] :: 'timeline'
2023-06-22 07:10:20.613 [DEBUG] :: Max retries exceeded

2023-06-22 07:14:38.791 [DEBUG] :: 'timeline'
2023-06-22 07:14:38.792 [DEBUG] :: No data for: [1mVK[0m, retrying in 1.05 seconds		
2023-06-22 07:14:40.059 [DEBUG] :: 'timeline'
2023-06-22 07:14:40.059 [DEBUG] :: No data for: [1mVK[0m, retrying in 2.04 seconds		
2023-06-22 07:14:42.714 [DEBUG] :: 'timeline'
2023-06-22 07:14:42.714 [DEBUG] :: No data for: [1mVK[0m, retrying in 4.68 seconds		
2023-06-22 07:14:47.621 [DEBUG] :: 'timeline'
2023-06-22 07:14:47.622 [DEBUG] :: Max retries exceeded

2023-06-22 07:15:20.084 [DEBUG] :: 'timeline'
2023-06-22 07:15:20.084 [DEBUG] :: No data for: [1mVK[0m, retrying in 1.74 seconds		
2023-06-22 07:15:22.039 [DEBUG] :: 'timeline'
2023-06-22 07:15:22.039 [DEBUG] :: No data for: [1mVK[0m, retrying in 2.95 seconds		
2023-06-22 07:15:25.218 [DEBUG] :: 'timeline'
2023-06-22 07:15:25.218 [DEBUG] :: No data for: [1mVK[0m, retrying in 4.51 seconds		
2023-06-22 07:15:29.955 [DEBUG] :: 'timeline'
2023-06-22 07:15:29.956 [DEBUG] :: Max retries exceeded

2023-06-22 07:17:15.729 [DEBUG] :: [37mVK[0m
2023-06-22 07:17:16.783 [DEBUG] :: [37mVK[0m
2023-06-22 07:17:18.051 [DEBUG] :: [37mVK[0m
2023-06-22 07:17:19.249 [DEBUG] :: [37mVK[0m
2023-06-22 07:17:20.469 [DEBUG] :: [37mVK[0m
2023-06-22 07:17:21.563 [DEBUG] :: [[32msuccess[0m] Returned 111 search results for [37mVK[0m
2023-06-22 07:17:57.551 [DEBUG] :: [37mVK[0m
2023-06-22 07:17:58.640 [DEBUG] :: [37mVK[0m
2023-06-22 07:17:59.744 [DEBUG] :: [37mVK[0m
2023-06-22 07:18:00.998 [DEBUG] :: [37mVK[0m
2023-06-22 07:18:02.184 [DEBUG] :: [37mVK[0m
2023-06-22 07:18:03.260 [DEBUG] :: [[32msuccess[0m] Returned 109 search results for [37mVK[0m
2023-06-22 07:20:27.974 [DEBUG] :: [37mVK[0m
2023-06-22 07:20:29.117 [DEBUG] :: [37mVK[0m
2023-06-22 07:20:30.202 [DEBUG] :: [37mVK[0m
2023-06-22 07:20:31.202 [DEBUG] :: [37mVK[0m
2023-06-22 07:20:32.512 [DEBUG] :: [37mVK[0m
2023-06-22 07:20:33.716 [DEBUG] :: [[32msuccess[0m] Returned 116 search results for [37mVK[0m
2023-06-22 08:18:28.656 [DEBUG] :: [37mVK[0m
2023-06-22 08:18:30.014 [DEBUG] :: [37mVK[0m
2023-06-22 08:18:31.344 [DEBUG] :: [37mVK[0m
2023-06-22 12:14:35.145 [DEBUG] :: [37mVK[0m
2023-06-22 12:14:36.553 [DEBUG] :: [37mVK[0m
2023-06-22 12:14:37.959 [DEBUG] :: [37mVK[0m
2023-06-22 12:14:39.274 [DEBUG] :: [37mVK[0m
2023-06-22 12:14:40.570 [DEBUG] :: [[32msuccess[0m] Returned 109 search results for [37mVK[0m
2023-06-22 12:17:35.121 [DEBUG] :: [37mVK[0m
2023-06-22 12:17:36.515 [DEBUG] :: [37mVK[0m
2023-06-22 12:17:38.042 [DEBUG] :: [37mVK[0m
2023-06-22 12:17:39.448 [DEBUG] :: [37mVK[0m
2023-06-22 12:17:40.876 [DEBUG] :: [[32msuccess[0m] Returned 114 search results for [37mVK[0m
2023-06-22 12:18:00.611 [DEBUG] :: [37mVK[0m
2023-06-22 12:18:01.892 [DEBUG] :: [37mVK[0m
2023-06-22 12:18:03.217 [DEBUG] :: [37mVK[0m
2023-06-22 12:18:04.625 [DEBUG] :: [37mVK[0m
2023-06-22 12:18:06.173 [DEBUG] :: [[32msuccess[0m] Returned 118 search results for [37mVK[0m
2023-06-22 12:21:49.157 [DEBUG] :: [37mVK[0m
2023-06-22 12:21:50.573 [DEBUG] :: [37mVK[0m
2023-06-22 12:21:52.104 [DEBUG] :: [37mVK[0m
2023-06-22 12:21:53.538 [DEBUG] :: [37mVK[0m
2023-06-22 12:21:54.923 [DEBUG] :: [[32msuccess[0m] Returned 124 search results for [37mVK[0m
2023-06-22 13:12:40.942 [DEBUG] :: [37mVK[0m
2023-06-22 13:12:42.606 [DEBUG] :: [37mVK[0m
2023-06-22 13:12:43.992 [DEBUG] :: [37mVK[0m
2023-06-22 13:12:45.391 [DEBUG] :: [37mVK[0m
2023-06-22 13:12:46.780 [DEBUG] :: [[32msuccess[0m] Returned 118 search results for [37mVK[0m
